# JRE version: OpenJDK Runtime Environment (17.0.11) (build 17.0.11+0--11852314)
# Java VM: OpenJDK 64-Bit Server VM (17.0.11+0--11852314, mixed mode, tiered, compressed oops, compressed class ptrs, g1 gc, windows-amd64)
GC Precious Log:
 CPUs: 4 total, 4 available
 Memory: 3900M
 Large Page Support: Disabled
 NUMA Support: Disabled
 Compressed Oops: Enabled (32-bit)
 Heap Region Size: 1M
 Heap Min Capacity: 8M
 Heap Initial Capacity: 62M
 Heap Max Capacity: 976M
 Pre-touch: Disabled
 Parallel Workers: 4
 Concurrent Workers: 1
 Concurrent Refinement Workers: 4
 Periodic GC: Disabled
Heap:
 garbage-first heap   total 66560K, used 38396K [0x00000000c3000000, 0x0000000100000000)
  region size 1024K, 2 young (2048K), 2 survivors (2048K)
 Metaspace       used 54485K, committed 54656K, reserved 1114112K
  class space    used 6442K, committed 6528K, reserved 1048576K
GC Heap History (20 events):
Event: 14.613 GC heap after
{Heap after GC invocations=8 (full 0):
 garbage-first heap   total 45056K, used 19068K [0x00000000c3000000, 0x0000000100000000)
  region size 1024K, 2 young (2048K), 2 survivors (2048K)
 Metaspace       used 35805K, committed 35968K, reserved 1114112K
  class space    used 4522K, committed 4608K, reserved 1048576K
}
Event: 16.087 GC heap before
{Heap before GC invocations=9 (full 0):
 garbage-first heap   total 45056K, used 30332K [0x00000000c3000000, 0x0000000100000000)
  region size 1024K, 14 young (14336K), 2 survivors (2048K)
 Metaspace       used 38075K, committed 38272K, reserved 1114112K
  class space    used 4767K, committed 4864K, reserved 1048576K
}
Event: 16.103 GC heap after
{Heap after GC invocations=10 (full 0):
 garbage-first heap   total 45056K, used 20728K [0x00000000c3000000, 0x0000000100000000)
  region size 1024K, 2 young (2048K), 2 survivors (2048K)
 Metaspace       used 38075K, committed 38272K, reserved 1114112K
  class space    used 4767K, committed 4864K, reserved 1048576K
}
Event: 16.153 GC heap before
{Heap before GC invocations=10 (full 0):
 garbage-first heap   total 45056K, used 20728K [0x00000000c3000000, 0x0000000100000000)
  region size 1024K, 3 young (3072K), 2 survivors (2048K)
 Metaspace       used 38281K, committed 38464K, reserved 1114112K
  class space    used 4783K, committed 4864K, reserved 1048576K
}
Event: 16.160 GC heap after
{Heap after GC invocations=11 (full 0):
 garbage-first heap   total 45056K, used 20101K [0x00000000c3000000, 0x0000000100000000)
  region size 1024K, 1 young (1024K), 1 survivors (1024K)
 Metaspace       used 38281K, committed 38464K, reserved 1114112K
  class space    used 4783K, committed 4864K, reserved 1048576K
}
Event: 17.474 GC heap before
{Heap before GC invocations=11 (full 0):
 garbage-first heap   total 45056K, used 31365K [0x00000000c3000000, 0x0000000100000000)
  region size 1024K, 13 young (13312K), 1 survivors (1024K)
 Metaspace       used 40733K, committed 40896K, reserved 1114112K
  class space    used 4977K, committed 5056K, reserved 1048576K
}
Event: 17.485 GC heap after
{Heap after GC invocations=12 (full 0):
 garbage-first heap   total 66560K, used 21582K [0x00000000c3000000, 0x0000000100000000)
  region size 1024K, 2 young (2048K), 2 survivors (2048K)
 Metaspace       used 40733K, committed 40896K, reserved 1114112K
  class space    used 4977K, committed 5056K, reserved 1048576K
}
Event: 23.769 GC heap before
{Heap before GC invocations=13 (full 0):
 garbage-first heap   total 66560K, used 52302K [0x00000000c3000000, 0x0000000100000000)
  region size 1024K, 30 young (30720K), 2 survivors (2048K)
 Metaspace       used 47021K, committed 47296K, reserved 1114112K
  class space    used 5714K, committed 5824K, reserved 1048576K
}
Event: 23.855 GC heap after
{Heap after GC invocations=14 (full 0):
 garbage-first heap   total 66560K, used 26590K [0x00000000c3000000, 0x0000000100000000)
  region size 1024K, 4 young (4096K), 4 survivors (4096K)
 Metaspace       used 47021K, committed 47296K, reserved 1114112K
  class space    used 5714K, committed 5824K, reserved 1048576K
}
Event: 38.410 GC heap before
{Heap before GC invocations=14 (full 0):
 garbage-first heap   total 66560K, used 50142K [0x00000000c3000000, 0x0000000100000000)
  region size 1024K, 28 young (28672K), 4 survivors (4096K)
 Metaspace       used 51472K, committed 51712K, reserved 1114112K
  class space    used 6226K, committed 6336K, reserved 1048576K
}
Event: 38.463 GC heap after
{Heap after GC invocations=15 (full 0):
 garbage-first heap   total 66560K, used 30340K [0x00000000c3000000, 0x0000000100000000)
  region size 1024K, 4 young (4096K), 4 survivors (4096K)
 Metaspace       used 51472K, committed 51712K, reserved 1114112K
  class space    used 6226K, committed 6336K, reserved 1048576K
}
Event: 40.246 GC heap before
{Heap before GC invocations=15 (full 0):
 garbage-first heap   total 66560K, used 50820K [0x00000000c3000000, 0x0000000100000000)
  region size 1024K, 24 young (24576K), 4 survivors (4096K)
 Metaspace       used 52979K, committed 53184K, reserved 1114112K
  class space    used 6281K, committed 6336K, reserved 1048576K
}
Event: 40.277 GC heap after
{Heap after GC invocations=16 (full 0):
 garbage-first heap   total 66560K, used 33792K [0x00000000c3000000, 0x0000000100000000)
  region size 1024K, 3 young (3072K), 3 survivors (3072K)
 Metaspace       used 52979K, committed 53184K, reserved 1114112K
  class space    used 6281K, committed 6336K, reserved 1048576K
}
Event: 40.517 GC heap before
{Heap before GC invocations=16 (full 0):
 garbage-first heap   total 66560K, used 51200K [0x00000000c3000000, 0x0000000100000000)
  region size 1024K, 20 young (20480K), 3 survivors (3072K)
 Metaspace       used 52997K, committed 53248K, reserved 1114112K
  class space    used 6281K, committed 6400K, reserved 1048576K
}
Event: 40.532 GC heap after
{Heap after GC invocations=17 (full 0):
 garbage-first heap   total 66560K, used 35081K [0x00000000c3000000, 0x0000000100000000)
  region size 1024K, 1 young (1024K), 1 survivors (1024K)
 Metaspace       used 52997K, committed 53248K, reserved 1114112K
  class space    used 6281K, committed 6400K, reserved 1048576K
}
Event: 41.294 GC heap before
{Heap before GC invocations=18 (full 0):
 garbage-first heap   total 66560K, used 51465K [0x00000000c3000000, 0x0000000100000000)
  region size 1024K, 17 young (17408K), 1 survivors (1024K)
 Metaspace       used 53467K, committed 53696K, reserved 1114112K
  class space    used 6333K, committed 6464K, reserved 1048576K
}
Event: 41.303 GC heap after
{Heap after GC invocations=19 (full 0):
 garbage-first heap   total 66560K, used 37215K [0x00000000c3000000, 0x0000000100000000)
  region size 1024K, 3 young (3072K), 3 survivors (3072K)
 Metaspace       used 53467K, committed 53696K, reserved 1114112K
  class space    used 6333K, committed 6464K, reserved 1048576K
}
Event: 41.355 GC heap before
{Heap before GC invocations=19 (full 0):
 garbage-first heap   total 66560K, used 37215K [0x00000000c3000000, 0x0000000100000000)
  region size 1024K, 4 young (4096K), 3 survivors (3072K)
 Metaspace       used 53689K, committed 53888K, reserved 1114112K
  class space    used 6362K, committed 6464K, reserved 1048576K
}
Event: 41.364 GC heap after
{Heap after GC invocations=20 (full 0):
 garbage-first heap   total 66560K, used 36960K [0x00000000c3000000, 0x0000000100000000)
  region size 1024K, 1 young (1024K), 1 survivors (1024K)
 Metaspace       used 53689K, committed 53888K, reserved 1114112K
  class space    used 6362K, committed 6464K, reserved 1048576K
}
Event: 41.800 GC heap before
{Heap before GC invocations=20 (full 0):
 garbage-first heap   total 66560K, used 52320K [0x00000000c3000000, 0x0000000100000000)
  region size 1024K, 16 young (16384K), 1 survivors (1024K)
 Metaspace       used 54485K, committed 54656K, reserved 1114112K
  class space    used 6442K, committed 6528K, reserved 1048576K
}

